  Main.cpp
d:\c++_primer\动态内存12.2\动态内存12.2\strblob.h(46): error C3867: “std::vector<std::string,std::allocator<_Ty>>::pop_back”: 非标准语法；请使用 "&" 来创建指向成员的指针
          with
          [
              _Ty=std::string
          ]
d:\c++_primer\动态内存12.2\动态内存12.2\strblob.h(52): error C3867: “std::vector<std::string,std::allocator<_Ty>>::front”: 非标准语法；请使用 "&" 来创建指向成员的指针
          with
          [
              _Ty=std::string
          ]
d:\c++_primer\动态内存12.2\动态内存12.2\strblob.h(52): error C2298: 缺少对成员函数的界限指针的调用
d:\c++_primer\动态内存12.2\动态内存12.2\strblob.h(58): error C3867: “std::vector<std::string,std::allocator<_Ty>>::back”: 非标准语法；请使用 "&" 来创建指向成员的指针
          with
          [
              _Ty=std::string
          ]
d:\c++_primer\动态内存12.2\动态内存12.2\strblob.h(58): error C2298: 缺少对成员函数的界限指针的调用
d:\c++_primer\动态内存12.2\动态内存12.2\strblob.h(64): error C3867: “std::vector<std::string,std::allocator<_Ty>>::front”: 非标准语法；请使用 "&" 来创建指向成员的指针
          with
          [
              _Ty=std::string
          ]
d:\c++_primer\动态内存12.2\动态内存12.2\strblob.h(64): error C2298: 缺少对成员函数的界限指针的调用
d:\c++_primer\动态内存12.2\动态内存12.2\strblob.h(69): error C3867: “std::vector<std::string,std::allocator<_Ty>>::back”: 非标准语法；请使用 "&" 来创建指向成员的指针
          with
          [
              _Ty=std::string
          ]
d:\c++_primer\动态内存12.2\动态内存12.2\strblob.h(69): error C2298: 缺少对成员函数的界限指针的调用
d:\c++_primer\动态内存12.2\动态内存12.2\main.cpp(12): error C3867: “StrBlob::back”: 非标准语法；请使用 "&" 来创建指向成员的指针
d:\c++_primer\动态内存12.2\动态内存12.2\main.cpp(12): error C2679: 二进制“<<”: 没有找到接受“overloaded-function”类型的右操作数的运算符(或没有可接受的转换)
  c:\program files (x86)\microsoft visual studio 14.0\vc\include\ostream(495): note: 可能是“std::basic_ostream<char,std::char_traits<char>> &std::basic_ostream<char,std::char_traits<char>>::operator <<(std::basic_streambuf<char,std::char_traits<char>> *)”
  c:\program files (x86)\microsoft visual studio 14.0\vc\include\ostream(475): note: 或  “std::basic_ostream<char,std::char_traits<char>> &std::basic_ostream<char,std::char_traits<char>>::operator <<(const void *)”
  c:\program files (x86)\microsoft visual studio 14.0\vc\include\ostream(455): note: 或  “std::basic_ostream<char,std::char_traits<char>> &std::basic_ostream<char,std::char_traits<char>>::operator <<(long double)”
  c:\program files (x86)\microsoft visual studio 14.0\vc\include\ostream(435): note: 或  “std::basic_ostream<char,std::char_traits<char>> &std::basic_ostream<char,std::char_traits<char>>::operator <<(double)”
  c:\program files (x86)\microsoft visual studio 14.0\vc\include\ostream(415): note: 或  “std::basic_ostream<char,std::char_traits<char>> &std::basic_ostream<char,std::char_traits<char>>::operator <<(float)”
  c:\program files (x86)\microsoft visual studio 14.0\vc\include\ostream(395): note: 或  “std::basic_ostream<char,std::char_traits<char>> &std::basic_ostream<char,std::char_traits<char>>::operator <<(unsigned __int64)”
  c:\program files (x86)\microsoft visual studio 14.0\vc\include\ostream(375): note: 或  “std::basic_ostream<char,std::char_traits<char>> &std::basic_ostream<char,std::char_traits<char>>::operator <<(__int64)”
  c:\program files (x86)\microsoft visual studio 14.0\vc\include\ostream(355): note: 或  “std::basic_ostream<char,std::char_traits<char>> &std::basic_ostream<char,std::char_traits<char>>::operator <<(unsigned long)”
  c:\program files (x86)\microsoft visual studio 14.0\vc\include\ostream(335): note: 或  “std::basic_ostream<char,std::char_traits<char>> &std::basic_ostream<char,std::char_traits<char>>::operator <<(long)”
  c:\program files (x86)\microsoft visual studio 14.0\vc\include\ostream(315): note: 或  “std::basic_ostream<char,std::char_traits<char>> &std::basic_ostream<char,std::char_traits<char>>::operator <<(unsigned int)”
  c:\program files (x86)\microsoft visual studio 14.0\vc\include\ostream(290): note: 或  “std::basic_ostream<char,std::char_traits<char>> &std::basic_ostream<char,std::char_traits<char>>::operator <<(int)”
  c:\program files (x86)\microsoft visual studio 14.0\vc\include\ostream(270): note: 或  “std::basic_ostream<char,std::char_traits<char>> &std::basic_ostream<char,std::char_traits<char>>::operator <<(unsigned short)”
  c:\program files (x86)\microsoft visual studio 14.0\vc\include\ostream(236): note: 或  “std::basic_ostream<char,std::char_traits<char>> &std::basic_ostream<char,std::char_traits<char>>::operator <<(short)”
  c:\program files (x86)\microsoft visual studio 14.0\vc\include\ostream(216): note: 或  “std::basic_ostream<char,std::char_traits<char>> &std::basic_ostream<char,std::char_traits<char>>::operator <<(bool)”
  c:\program files (x86)\microsoft visual studio 14.0\vc\include\ostream(209): note: 或  “std::basic_ostream<char,std::char_traits<char>> &std::basic_ostream<char,std::char_traits<char>>::operator <<(std::ios_base &(__cdecl *)(std::ios_base &))”
  c:\program files (x86)\microsoft visual studio 14.0\vc\include\ostream(202): note: 或  “std::basic_ostream<char,std::char_traits<char>> &std::basic_ostream<char,std::char_traits<char>>::operator <<(std::basic_ios<char,std::char_traits<char>> &(__cdecl *)(std::basic_ios<char,std::char_traits<char>> &))”
  c:\program files (x86)\microsoft visual studio 14.0\vc\include\ostream(196): note: 或  “std::basic_ostream<char,std::char_traits<char>> &std::basic_ostream<char,std::char_traits<char>>::operator <<(std::basic_ostream<char,std::char_traits<char>> &(__cdecl *)(std::basic_ostream<char,std::char_traits<char>> &))”
  c:\program files (x86)\microsoft visual studio 14.0\vc\include\ostream(1019): note: 或  “std::basic_ostream<char,std::char_traits<char>> &std::operator <<<char,std::char_traits<char>>(std::basic_ostream<char,std::char_traits<char>> &,const std::error_code &)”
  c:\program files (x86)\microsoft visual studio 14.0\vc\include\ostream(971): note: 或  “std::basic_ostream<char,std::char_traits<char>> &std::operator <<<std::char_traits<char>>(std::basic_ostream<char,std::char_traits<char>> &,unsigned char)”
  c:\program files (x86)\microsoft visual studio 14.0\vc\include\ostream(964): note: 或  “std::basic_ostream<char,std::char_traits<char>> &std::operator <<<std::char_traits<char>>(std::basic_ostream<char,std::char_traits<char>> &,const unsigned char *)”
  c:\program files (x86)\microsoft visual studio 14.0\vc\include\ostream(957): note: 或  “std::basic_ostream<char,std::char_traits<char>> &std::operator <<<std::char_traits<char>>(std::basic_ostream<char,std::char_traits<char>> &,signed char)”
  c:\program files (x86)\microsoft visual studio 14.0\vc\include\ostream(950): note: 或  “std::basic_ostream<char,std::char_traits<char>> &std::operator <<<std::char_traits<char>>(std::basic_ostream<char,std::char_traits<char>> &,const signed char *)”
  c:\program files (x86)\microsoft visual studio 14.0\vc\include\ostream(824): note: 或  “std::basic_ostream<char,std::char_traits<char>> &std::operator <<<std::char_traits<char>>(std::basic_ostream<char,std::char_traits<char>> &,char)”
  c:\program files (x86)\microsoft visual studio 14.0\vc\include\ostream(777): note: 或  “std::basic_ostream<char,std::char_traits<char>> &std::operator <<<std::char_traits<char>>(std::basic_ostream<char,std::char_traits<char>> &,const char *)”
  c:\program files (x86)\microsoft visual studio 14.0\vc\include\ostream(739): note: 或  “std::basic_ostream<char,std::char_traits<char>> &std::operator <<<char,std::char_traits<char>>(std::basic_ostream<char,std::char_traits<char>> &,char)”
  c:\program files (x86)\microsoft visual studio 14.0\vc\include\ostream(692): note: 或  “std::basic_ostream<char,std::char_traits<char>> &std::operator <<<char,std::char_traits<char>>(std::basic_ostream<char,std::char_traits<char>> &,const char *)”
  d:\c++_primer\动态内存12.2\动态内存12.2\main.cpp(12): note: 尝试匹配参数列表“(std::ostream, overloaded-function)”时
d:\c++_primer\动态内存12.2\动态内存12.2\main.cpp(13): error C3867: “StrBlob::front”: 非标准语法；请使用 "&" 来创建指向成员的指针
d:\c++_primer\动态内存12.2\动态内存12.2\main.cpp(13): error C2679: 二进制“<<”: 没有找到接受“overloaded-function”类型的右操作数的运算符(或没有可接受的转换)
  c:\program files (x86)\microsoft visual studio 14.0\vc\include\ostream(495): note: 可能是“std::basic_ostream<char,std::char_traits<char>> &std::basic_ostream<char,std::char_traits<char>>::operator <<(std::basic_streambuf<char,std::char_traits<char>> *)”
  c:\program files (x86)\microsoft visual studio 14.0\vc\include\ostream(475): note: 或  “std::basic_ostream<char,std::char_traits<char>> &std::basic_ostream<char,std::char_traits<char>>::operator <<(const void *)”
  c:\program files (x86)\microsoft visual studio 14.0\vc\include\ostream(455): note: 或  “std::basic_ostream<char,std::char_traits<char>> &std::basic_ostream<char,std::char_traits<char>>::operator <<(long double)”
  c:\program files (x86)\microsoft visual studio 14.0\vc\include\ostream(435): note: 或  “std::basic_ostream<char,std::char_traits<char>> &std::basic_ostream<char,std::char_traits<char>>::operator <<(double)”
  c:\program files (x86)\microsoft visual studio 14.0\vc\include\ostream(415): note: 或  “std::basic_ostream<char,std::char_traits<char>> &std::basic_ostream<char,std::char_traits<char>>::operator <<(float)”
  c:\program files (x86)\microsoft visual studio 14.0\vc\include\ostream(395): note: 或  “std::basic_ostream<char,std::char_traits<char>> &std::basic_ostream<char,std::char_traits<char>>::operator <<(unsigned __int64)”
  c:\program files (x86)\microsoft visual studio 14.0\vc\include\ostream(375): note: 或  “std::basic_ostream<char,std::char_traits<char>> &std::basic_ostream<char,std::char_traits<char>>::operator <<(__int64)”
  c:\program files (x86)\microsoft visual studio 14.0\vc\include\ostream(355): note: 或  “std::basic_ostream<char,std::char_traits<char>> &std::basic_ostream<char,std::char_traits<char>>::operator <<(unsigned long)”
  c:\program files (x86)\microsoft visual studio 14.0\vc\include\ostream(335): note: 或  “std::basic_ostream<char,std::char_traits<char>> &std::basic_ostream<char,std::char_traits<char>>::operator <<(long)”
  c:\program files (x86)\microsoft visual studio 14.0\vc\include\ostream(315): note: 或  “std::basic_ostream<char,std::char_traits<char>> &std::basic_ostream<char,std::char_traits<char>>::operator <<(unsigned int)”
  c:\program files (x86)\microsoft visual studio 14.0\vc\include\ostream(290): note: 或  “std::basic_ostream<char,std::char_traits<char>> &std::basic_ostream<char,std::char_traits<char>>::operator <<(int)”
  c:\program files (x86)\microsoft visual studio 14.0\vc\include\ostream(270): note: 或  “std::basic_ostream<char,std::char_traits<char>> &std::basic_ostream<char,std::char_traits<char>>::operator <<(unsigned short)”
  c:\program files (x86)\microsoft visual studio 14.0\vc\include\ostream(236): note: 或  “std::basic_ostream<char,std::char_traits<char>> &std::basic_ostream<char,std::char_traits<char>>::operator <<(short)”
  c:\program files (x86)\microsoft visual studio 14.0\vc\include\ostream(216): note: 或  “std::basic_ostream<char,std::char_traits<char>> &std::basic_ostream<char,std::char_traits<char>>::operator <<(bool)”
  c:\program files (x86)\microsoft visual studio 14.0\vc\include\ostream(209): note: 或  “std::basic_ostream<char,std::char_traits<char>> &std::basic_ostream<char,std::char_traits<char>>::operator <<(std::ios_base &(__cdecl *)(std::ios_base &))”
  c:\program files (x86)\microsoft visual studio 14.0\vc\include\ostream(202): note: 或  “std::basic_ostream<char,std::char_traits<char>> &std::basic_ostream<char,std::char_traits<char>>::operator <<(std::basic_ios<char,std::char_traits<char>> &(__cdecl *)(std::basic_ios<char,std::char_traits<char>> &))”
  c:\program files (x86)\microsoft visual studio 14.0\vc\include\ostream(196): note: 或  “std::basic_ostream<char,std::char_traits<char>> &std::basic_ostream<char,std::char_traits<char>>::operator <<(std::basic_ostream<char,std::char_traits<char>> &(__cdecl *)(std::basic_ostream<char,std::char_traits<char>> &))”
  c:\program files (x86)\microsoft visual studio 14.0\vc\include\ostream(1019): note: 或  “std::basic_ostream<char,std::char_traits<char>> &std::operator <<<char,std::char_traits<char>>(std::basic_ostream<char,std::char_traits<char>> &,const std::error_code &)”
  c:\program files (x86)\microsoft visual studio 14.0\vc\include\ostream(971): note: 或  “std::basic_ostream<char,std::char_traits<char>> &std::operator <<<std::char_traits<char>>(std::basic_ostream<char,std::char_traits<char>> &,unsigned char)”
  c:\program files (x86)\microsoft visual studio 14.0\vc\include\ostream(964): note: 或  “std::basic_ostream<char,std::char_traits<char>> &std::operator <<<std::char_traits<char>>(std::basic_ostream<char,std::char_traits<char>> &,const unsigned char *)”
  c:\program files (x86)\microsoft visual studio 14.0\vc\include\ostream(957): note: 或  “std::basic_ostream<char,std::char_traits<char>> &std::operator <<<std::char_traits<char>>(std::basic_ostream<char,std::char_traits<char>> &,signed char)”
  c:\program files (x86)\microsoft visual studio 14.0\vc\include\ostream(950): note: 或  “std::basic_ostream<char,std::char_traits<char>> &std::operator <<<std::char_traits<char>>(std::basic_ostream<char,std::char_traits<char>> &,const signed char *)”
  c:\program files (x86)\microsoft visual studio 14.0\vc\include\ostream(824): note: 或  “std::basic_ostream<char,std::char_traits<char>> &std::operator <<<std::char_traits<char>>(std::basic_ostream<char,std::char_traits<char>> &,char)”
  c:\program files (x86)\microsoft visual studio 14.0\vc\include\ostream(777): note: 或  “std::basic_ostream<char,std::char_traits<char>> &std::operator <<<std::char_traits<char>>(std::basic_ostream<char,std::char_traits<char>> &,const char *)”
  c:\program files (x86)\microsoft visual studio 14.0\vc\include\ostream(739): note: 或  “std::basic_ostream<char,std::char_traits<char>> &std::operator <<<char,std::char_traits<char>>(std::basic_ostream<char,std::char_traits<char>> &,char)”
  c:\program files (x86)\microsoft visual studio 14.0\vc\include\ostream(692): note: 或  “std::basic_ostream<char,std::char_traits<char>> &std::operator <<<char,std::char_traits<char>>(std::basic_ostream<char,std::char_traits<char>> &,const char *)”
  d:\c++_primer\动态内存12.2\动态内存12.2\main.cpp(13): note: 尝试匹配参数列表“(std::ostream, overloaded-function)”时
d:\c++_primer\动态内存12.2\动态内存12.2\main.cpp(14): error C3867: “StrBlob::front”: 非标准语法；请使用 "&" 来创建指向成员的指针
d:\c++_primer\动态内存12.2\动态内存12.2\main.cpp(14): error C2679: 二进制“<<”: 没有找到接受“overloaded-function”类型的右操作数的运算符(或没有可接受的转换)
  c:\program files (x86)\microsoft visual studio 14.0\vc\include\ostream(495): note: 可能是“std::basic_ostream<char,std::char_traits<char>> &std::basic_ostream<char,std::char_traits<char>>::operator <<(std::basic_streambuf<char,std::char_traits<char>> *)”
  c:\program files (x86)\microsoft visual studio 14.0\vc\include\ostream(475): note: 或  “std::basic_ostream<char,std::char_traits<char>> &std::basic_ostream<char,std::char_traits<char>>::operator <<(const void *)”
  c:\program files (x86)\microsoft visual studio 14.0\vc\include\ostream(455): note: 或  “std::basic_ostream<char,std::char_traits<char>> &std::basic_ostream<char,std::char_traits<char>>::operator <<(long double)”
  c:\program files (x86)\microsoft visual studio 14.0\vc\include\ostream(435): note: 或  “std::basic_ostream<char,std::char_traits<char>> &std::basic_ostream<char,std::char_traits<char>>::operator <<(double)”
  c:\program files (x86)\microsoft visual studio 14.0\vc\include\ostream(415): note: 或  “std::basic_ostream<char,std::char_traits<char>> &std::basic_ostream<char,std::char_traits<char>>::operator <<(float)”
  c:\program files (x86)\microsoft visual studio 14.0\vc\include\ostream(395): note: 或  “std::basic_ostream<char,std::char_traits<char>> &std::basic_ostream<char,std::char_traits<char>>::operator <<(unsigned __int64)”
  c:\program files (x86)\microsoft visual studio 14.0\vc\include\ostream(375): note: 或  “std::basic_ostream<char,std::char_traits<char>> &std::basic_ostream<char,std::char_traits<char>>::operator <<(__int64)”
  c:\program files (x86)\microsoft visual studio 14.0\vc\include\ostream(355): note: 或  “std::basic_ostream<char,std::char_traits<char>> &std::basic_ostream<char,std::char_traits<char>>::operator <<(unsigned long)”
  c:\program files (x86)\microsoft visual studio 14.0\vc\include\ostream(335): note: 或  “std::basic_ostream<char,std::char_traits<char>> &std::basic_ostream<char,std::char_traits<char>>::operator <<(long)”
  c:\program files (x86)\microsoft visual studio 14.0\vc\include\ostream(315): note: 或  “std::basic_ostream<char,std::char_traits<char>> &std::basic_ostream<char,std::char_traits<char>>::operator <<(unsigned int)”
  c:\program files (x86)\microsoft visual studio 14.0\vc\include\ostream(290): note: 或  “std::basic_ostream<char,std::char_traits<char>> &std::basic_ostream<char,std::char_traits<char>>::operator <<(int)”
  c:\program files (x86)\microsoft visual studio 14.0\vc\include\ostream(270): note: 或  “std::basic_ostream<char,std::char_traits<char>> &std::basic_ostream<char,std::char_traits<char>>::operator <<(unsigned short)”
  c:\program files (x86)\microsoft visual studio 14.0\vc\include\ostream(236): note: 或  “std::basic_ostream<char,std::char_traits<char>> &std::basic_ostream<char,std::char_traits<char>>::operator <<(short)”
  c:\program files (x86)\microsoft visual studio 14.0\vc\include\ostream(216): note: 或  “std::basic_ostream<char,std::char_traits<char>> &std::basic_ostream<char,std::char_traits<char>>::operator <<(bool)”
  c:\program files (x86)\microsoft visual studio 14.0\vc\include\ostream(209): note: 或  “std::basic_ostream<char,std::char_traits<char>> &std::basic_ostream<char,std::char_traits<char>>::operator <<(std::ios_base &(__cdecl *)(std::ios_base &))”
  c:\program files (x86)\microsoft visual studio 14.0\vc\include\ostream(202): note: 或  “std::basic_ostream<char,std::char_traits<char>> &std::basic_ostream<char,std::char_traits<char>>::operator <<(std::basic_ios<char,std::char_traits<char>> &(__cdecl *)(std::basic_ios<char,std::char_traits<char>> &))”
  c:\program files (x86)\microsoft visual studio 14.0\vc\include\ostream(196): note: 或  “std::basic_ostream<char,std::char_traits<char>> &std::basic_ostream<char,std::char_traits<char>>::operator <<(std::basic_ostream<char,std::char_traits<char>> &(__cdecl *)(std::basic_ostream<char,std::char_traits<char>> &))”
  c:\program files (x86)\microsoft visual studio 14.0\vc\include\ostream(1019): note: 或  “std::basic_ostream<char,std::char_traits<char>> &std::operator <<<char,std::char_traits<char>>(std::basic_ostream<char,std::char_traits<char>> &,const std::error_code &)”
  c:\program files (x86)\microsoft visual studio 14.0\vc\include\ostream(971): note: 或  “std::basic_ostream<char,std::char_traits<char>> &std::operator <<<std::char_traits<char>>(std::basic_ostream<char,std::char_traits<char>> &,unsigned char)”
  c:\program files (x86)\microsoft visual studio 14.0\vc\include\ostream(964): note: 或  “std::basic_ostream<char,std::char_traits<char>> &std::operator <<<std::char_traits<char>>(std::basic_ostream<char,std::char_traits<char>> &,const unsigned char *)”
  c:\program files (x86)\microsoft visual studio 14.0\vc\include\ostream(957): note: 或  “std::basic_ostream<char,std::char_traits<char>> &std::operator <<<std::char_traits<char>>(std::basic_ostream<char,std::char_traits<char>> &,signed char)”
  c:\program files (x86)\microsoft visual studio 14.0\vc\include\ostream(950): note: 或  “std::basic_ostream<char,std::char_traits<char>> &std::operator <<<std::char_traits<char>>(std::basic_ostream<char,std::char_traits<char>> &,const signed char *)”
  c:\program files (x86)\microsoft visual studio 14.0\vc\include\ostream(824): note: 或  “std::basic_ostream<char,std::char_traits<char>> &std::operator <<<std::char_traits<char>>(std::basic_ostream<char,std::char_traits<char>> &,char)”
  c:\program files (x86)\microsoft visual studio 14.0\vc\include\ostream(777): note: 或  “std::basic_ostream<char,std::char_traits<char>> &std::operator <<<std::char_traits<char>>(std::basic_ostream<char,std::char_traits<char>> &,const char *)”
  c:\program files (x86)\microsoft visual studio 14.0\vc\include\ostream(739): note: 或  “std::basic_ostream<char,std::char_traits<char>> &std::operator <<<char,std::char_traits<char>>(std::basic_ostream<char,std::char_traits<char>> &,char)”
  c:\program files (x86)\microsoft visual studio 14.0\vc\include\ostream(692): note: 或  “std::basic_ostream<char,std::char_traits<char>> &std::operator <<<char,std::char_traits<char>>(std::basic_ostream<char,std::char_traits<char>> &,const char *)”
  d:\c++_primer\动态内存12.2\动态内存12.2\main.cpp(14): note: 尝试匹配参数列表“(std::ostream, overloaded-function)”时
